<?xml version="1.0" encoding="UTF-8"?>
<!-- Generated by org.testng.reporters.JUnitReportReporter -->
<testsuite skipped="0" hostname="LENOVO-PC" name="GroupIdP1.ArtifactIdP1.testNGsimple1" tests="1" failures="0" timestamp="29 Aug 2018 08:50:36 GMT" time="0.012" errors="0">
  <testcase name="testMe" time="0.012" classname="GroupIdP1.ArtifactIdP1.testNGsimple1"/>
</testsuite> <!-- GroupIdP1.ArtifactIdP1.testNGsimple1 -->
