<?xml version="1.0" encoding="UTF-8"?>
<!-- Generated by org.testng.reporters.JUnitReportReporter -->
<testsuite skipped="0" hostname="LENOVO-PC" name="_2testsuite._3LoginTest" tests="1" failures="0" timestamp="30 Aug 2018 06:40:47 GMT" time="0.010" errors="0">
  <testcase name="loginTest" time="0.010" classname="_2testsuite._3LoginTest"/>
</testsuite> <!-- _2testsuite._3LoginTest -->
