<?xml version="1.0" encoding="UTF-8"?>
<!-- Generated by org.testng.reporters.JUnitReportReporter -->
<testsuite skipped="0" hostname="LENOVO-PC" name="GroupIdP1.ArtifactIdP1.testNGsimple3_beforeAfterMethod" tests="2" failures="0" timestamp="29 Aug 2018 08:59:14 GMT" time="0.016" errors="0">
  <testcase name="executeTest" time="0.009" classname="GroupIdP1.ArtifactIdP1.testNGsimple3_beforeAfterMethod"/>
  <testcase name="runTest" time="0.007" classname="GroupIdP1.ArtifactIdP1.testNGsimple3_beforeAfterMethod"/>
</testsuite> <!-- GroupIdP1.ArtifactIdP1.testNGsimple3_beforeAfterMethod -->
