<?xml version="1.0" encoding="UTF-8"?>
<!-- Generated by org.testng.reporters.JUnitReportReporter -->
<testsuite skipped="0" hostname="LENOVO-PC" name="GroupIdP1.ArtifactIdP1.testNGsimple4_beforeAfterTest" tests="2" failures="0" timestamp="31 Aug 2018 09:49:45 GMT" time="0.021" errors="0">
  <testcase name="executeTest" time="0.006" classname="GroupIdP1.ArtifactIdP1.testNGsimple4_beforeAfterTest"/>
  <testcase name="RunTest" time="0.015" classname="GroupIdP1.ArtifactIdP1.testNGsimple4_beforeAfterTest"/>
</testsuite> <!-- GroupIdP1.ArtifactIdP1.testNGsimple4_beforeAfterTest -->
