<?xml version="1.0" encoding="UTF-8"?>
<!-- Generated by org.testng.reporters.JUnitReportReporter -->
<testsuite skipped="0" hostname="LENOVO-PC" name="GroupIdP1.ArtifactIdP1.testNgsimple5_Priority" tests="5" failures="0" timestamp="29 Aug 2018 11:16:10 GMT" time="0.016" errors="0">
  <testcase name="testOpenLoginLink1" time="0.011" classname="GroupIdP1.ArtifactIdP1.testNgsimple5_Priority"/>
  <testcase name="testLogin2" time="0.003" classname="GroupIdP1.ArtifactIdP1.testNgsimple5_Priority"/>
  <testcase name="testOpenLoginLink3" time="0.001" classname="GroupIdP1.ArtifactIdP1.testNgsimple5_Priority"/>
  <testcase name="testOpenLoginLink4" time="0.000" classname="GroupIdP1.ArtifactIdP1.testNgsimple5_Priority"/>
  <testcase name="testOpenLoginLink5" time="0.001" classname="GroupIdP1.ArtifactIdP1.testNgsimple5_Priority"/>
</testsuite> <!-- GroupIdP1.ArtifactIdP1.testNgsimple5_Priority -->
