<?xml version="1.0" encoding="UTF-8"?>
<!-- Generated by org.testng.reporters.JUnitReportReporter -->
<testsuite skipped="0" hostname="LENOVO-PC" name="GroupIdP1.ArtifactIdP1.testNGsimple2_loginLogout" tests="2" failures="0" timestamp="29 Aug 2018 10:00:57 GMT" time="0.014" errors="0">
  <testcase name="logout" time="0.002" classname="GroupIdP1.ArtifactIdP1.testNGsimple2_loginLogout"/>
  <testcase name="login" time="0.012" classname="GroupIdP1.ArtifactIdP1.testNGsimple2_loginLogout"/>
</testsuite> <!-- GroupIdP1.ArtifactIdP1.testNGsimple2_loginLogout -->
