<?xml version="1.0" encoding="UTF-8"?>
<!-- Generated by org.testng.reporters.JUnitReportReporter -->
<testsuite skipped="0" hostname="LENOVO-PC" name="package_testNG._3LoginTes" tests="1" failures="0" timestamp="30 Aug 2018 06:18:58 GMT" time="0.040" errors="0">
  <testcase name="loginTest" time="0.040" classname="package_testNG._3LoginTes"/>
</testsuite> <!-- package_testNG._3LoginTes -->
