<?xml version="1.0" encoding="UTF-8"?>
<!-- Generated by org.testng.reporters.JUnitReportReporter -->
<testsuite skipped="0" hostname="LENOVO-PC" name="GroupIdP1.ArtifactIdP1.NewTest" tests="2" failures="0" timestamp="29 Aug 2018 09:20:25 GMT" time="0.009" errors="0">
  <testcase name="executeTest" time="0.008" classname="GroupIdP1.ArtifactIdP1.NewTest"/>
  <testcase name="executeTest1" time="0.001" classname="GroupIdP1.ArtifactIdP1.NewTest"/>
</testsuite> <!-- GroupIdP1.ArtifactIdP1.NewTest -->
