<?xml version="1.0" encoding="UTF-8"?>
<!-- Generated by org.testng.reporters.JUnitReportReporter -->
<testsuite skipped="0" hostname="LENOVO-PC" name="GroupIdP1.ArtifactIdP1._1TestNGDataProvideSimpleTestcase" tests="2" failures="0" timestamp="30 Aug 2018 06:11:40 GMT" time="0.033" errors="0">
  <testcase name="f" time="0.005" classname="GroupIdP1.ArtifactIdP1._1TestNGDataProvideSimpleTestcase"/>
  <testcase name="f" time="0.028" classname="GroupIdP1.ArtifactIdP1._1TestNGDataProvideSimpleTestcase"/>
</testsuite> <!-- GroupIdP1.ArtifactIdP1._1TestNGDataProvideSimpleTestcase -->
