<?xml version="1.0" encoding="UTF-8"?>
<!-- Generated by org.testng.reporters.JUnitReportReporter -->
<testsuite skipped="0" hostname="LENOVO-PC" name="GroupIdP1.ArtifactIdP1.testNgsimple5_DataProvider_Excel" tests="4" failures="0" timestamp="30 Aug 2018 07:15:48 GMT" time="23.565" errors="0">
  <testcase name="Login" time="6.694" classname="GroupIdP1.ArtifactIdP1.testNgsimple5_DataProvider_Excel"/>
  <testcase name="Login" time="6.750" classname="GroupIdP1.ArtifactIdP1.testNgsimple5_DataProvider_Excel"/>
  <testcase name="logout" time="1.834" classname="GroupIdP1.ArtifactIdP1.testNgsimple5_DataProvider_Excel"/>
  <testcase name="Login" time="8.287" classname="GroupIdP1.ArtifactIdP1.testNgsimple5_DataProvider_Excel"/>
</testsuite> <!-- GroupIdP1.ArtifactIdP1.testNgsimple5_DataProvider_Excel -->
