<?xml version="1.0" encoding="UTF-8"?>
<!-- Generated by org.testng.reporters.JUnitReportReporter -->
<testsuite skipped="0" hostname="LENOVO-PC" name="GroupIdP1.ArtifactIdP1._1TestNGDataProvideSimpleTestcase" tests="2" failures="0" timestamp="12 Sep 2018 01:46:42 GMT" time="0.017" errors="0">
  <testcase name="f" time="0.015" classname="GroupIdP1.ArtifactIdP1._1TestNGDataProvideSimpleTestcase"/>
  <testcase name="f" time="0.002" classname="GroupIdP1.ArtifactIdP1._1TestNGDataProvideSimpleTestcase"/>
</testsuite> <!-- GroupIdP1.ArtifactIdP1._1TestNGDataProvideSimpleTestcase -->
