<?xml version="1.0" encoding="UTF-8"?>
<!-- Generated by org.testng.reporters.JUnitReportReporter -->
<testsuite skipped="0" hostname="LENOVO-PC" name="GroupIdP1.ArtifactIdP1.testNg5_suite" tests="2" failures="0" timestamp="29 Aug 2018 09:25:55 GMT" time="0.006" errors="0">
  <testcase name="checkEmployeeoffday" time="0.005" classname="GroupIdP1.ArtifactIdP1.testNg5_suite"/>
  <testcase name="loginTest" time="0.001" classname="GroupIdP1.ArtifactIdP1.testNg5_suite"/>
</testsuite> <!-- GroupIdP1.ArtifactIdP1.testNg5_suite -->
