<?xml version="1.0" encoding="UTF-8"?>
<!-- Generated by org.testng.reporters.JUnitReportReporter -->
<testsuite skipped="0" hostname="LENOVO-PC" name="GroupIdP1.ArtifactIdP1.testNgsimple5_Group" tests="8" failures="0" timestamp="29 Aug 2018 09:29:00 GMT" time="0.027" errors="0">
  <testcase name="enterPassword" time="0.004" classname="GroupIdP1.ArtifactIdP1.testNgsimple5_Group"/>
  <testcase name="selectpreferences" time="0.002" classname="GroupIdP1.ArtifactIdP1.testNgsimple5_Group"/>
  <testcase name="clickonlogout" time="0.002" classname="GroupIdP1.ArtifactIdP1.testNgsimple5_Group"/>
  <testcase name="clickonlogin" time="0.013" classname="GroupIdP1.ArtifactIdP1.testNgsimple5_Group"/>
  <testcase name="selectlocation" time="0.001" classname="GroupIdP1.ArtifactIdP1.testNgsimple5_Group"/>
  <testcase name="enterUsername" time="0.002" classname="GroupIdP1.ArtifactIdP1.testNgsimple5_Group"/>
  <testcase name="clickonsearch" time="0.001" classname="GroupIdP1.ArtifactIdP1.testNgsimple5_Group"/>
  <testcase name="selectDate" time="0.002" classname="GroupIdP1.ArtifactIdP1.testNgsimple5_Group"/>
</testsuite> <!-- GroupIdP1.ArtifactIdP1.testNgsimple5_Group -->
