<?xml version="1.0" encoding="UTF-8"?>
<!-- Generated by org.testng.reporters.JUnitReportReporter -->
<testsuite skipped="0" hostname="LENOVO-PC" name="_2testsuite._4CheckEmployeeOffdays" tests="1" failures="0" timestamp="30 Aug 2018 06:40:47 GMT" time="0.005" errors="0">
  <testcase name="checkEmployeeoffday" time="0.005" classname="_2testsuite._4CheckEmployeeOffdays"/>
</testsuite> <!-- _2testsuite._4CheckEmployeeOffdays -->
