<?xml version="1.0" encoding="UTF-8"?>
<!-- Generated by org.testng.reporters.JUnitReportReporter -->
<testsuite skipped="0" hostname="LENOVO-PC" name="GroupIdP1.ArtifactIdP1.testNGsimple4_beforeAfterTest" tests="2" failures="0" timestamp="29 Aug 2018 09:06:05 GMT" time="0.010" errors="0">
  <testcase name="executeTest" time="0.002" classname="GroupIdP1.ArtifactIdP1.testNGsimple4_beforeAfterTest"/>
  <testcase name="RunTest" time="0.008" classname="GroupIdP1.ArtifactIdP1.testNGsimple4_beforeAfterTest"/>
</testsuite> <!-- GroupIdP1.ArtifactIdP1.testNGsimple4_beforeAfterTest -->
